composeApp/build/intermediates/manifest_merge_blame_file/release/processReleaseMainManifest/manifest-merger-blame-release-report.txt
1<?xml version="1.0" encoding="utf-8"?>
2<manifest xmlns:android="http://schemas.android.com/apk/res/android"
3    package="com.barisproduction.kargo"
4    android:versionCode="6"
5    android:versionName="1.33" >
6
7    <uses-sdk
8        android:minSdkVersion="24"
9        android:targetSdkVersion="35" />
10
11    <uses-permission android:name="android.permission.INTERNET" />
11-->src\androidMain\AndroidManifest.xml:4:5-66
11-->src\androidMain\AndroidManifest.xml:4:22-64
12
13    <permission
13-->[androidx.core:core:1.15.0] AndroidManifest.xml:22:5-24:47
14        android:name="com.barisproduction.kargo.DYNAMIC_RECEIVER_NOT_EXPORTED_PERMISSION"
14-->[androidx.core:core:1.15.0] AndroidManifest.xml:23:9-81
15        android:protectionLevel="signature" />
15-->[androidx.core:core:1.15.0] AndroidManifest.xml:24:9-44
16
17    <uses-permission android:name="com.barisproduction.kargo.DYNAMIC_RECEIVER_NOT_EXPORTED_PERMISSION" />
17-->[androidx.core:core:1.15.0] AndroidManifest.xml:26:5-97
17-->[androidx.core:core:1.15.0] AndroidManifest.xml:26:22-94
18
19    <application
19-->src\androidMain\AndroidManifest.xml:6:5-23:19
20        android:name="com.barisproduction.kargo.MainApp"
20-->src\androidMain\AndroidManifest.xml:9:9-32
21        android:allowBackup="true"
21-->src\androidMain\AndroidManifest.xml:7:9-35
22        android:appComponentFactory="androidx.core.app.CoreComponentFactory"
22-->[androidx.core:core:1.15.0] AndroidManifest.xml:28:18-86
23        android:extractNativeLibs="false"
24        android:label="@string/app_name"
24-->src\androidMain\AndroidManifest.xml:8:9-41
25        android:supportsRtl="true"
25-->src\androidMain\AndroidManifest.xml:10:9-35
26        android:theme="@android:style/Theme.Material.Light.NoActionBar" >
26-->src\androidMain\AndroidManifest.xml:11:9-72
27        <activity
27-->src\androidMain\AndroidManifest.xml:12:9-22:20
28            android:name="com.barisproduction.kargo.MainActivity"
28-->src\androidMain\AndroidManifest.xml:16:13-41
29            android:configChanges="orientation|screenSize|screenLayout|keyboardHidden|mnc|colorMode|density|fontScale|fontWeightAdjustment|keyboard|layoutDirection|locale|mcc|navigation|smallestScreenSize|touchscreen|uiMode"
29-->src\androidMain\AndroidManifest.xml:15:13-225
30            android:exported="true"
30-->src\androidMain\AndroidManifest.xml:13:13-36
31            android:windowSoftInputMode="adjustResize" >
31-->src\androidMain\AndroidManifest.xml:14:13-55
32            <intent-filter>
32-->src\androidMain\AndroidManifest.xml:17:13-21:29
33                <action android:name="android.intent.action.MAIN" />
33-->src\androidMain\AndroidManifest.xml:18:17-69
33-->src\androidMain\AndroidManifest.xml:18:25-66
34
35                <category android:name="android.intent.category.LAUNCHER" />
35-->src\androidMain\AndroidManifest.xml:20:17-77
35-->src\androidMain\AndroidManifest.xml:20:27-74
36            </intent-filter>
37        </activity>
38
39        <provider
39-->[org.jetbrains.compose.components:components-resources-android:1.9.2] AndroidManifest.xml:8:9-13:20
40            android:name="org.jetbrains.compose.resources.AndroidContextProvider"
40-->[org.jetbrains.compose.components:components-resources-android:1.9.2] AndroidManifest.xml:9:13-82
41            android:authorities="com.barisproduction.kargo.resources.AndroidContextProvider"
41-->[org.jetbrains.compose.components:components-resources-android:1.9.2] AndroidManifest.xml:10:13-84
42            android:enabled="true"
42-->[org.jetbrains.compose.components:components-resources-android:1.9.2] AndroidManifest.xml:11:13-35
43            android:exported="false" >
43-->[org.jetbrains.compose.components:components-resources-android:1.9.2] AndroidManifest.xml:12:13-37
44        </provider>
45        <provider
45-->[androidx.emoji2:emoji2:1.4.0] AndroidManifest.xml:24:9-32:20
46            android:name="androidx.startup.InitializationProvider"
46-->[androidx.emoji2:emoji2:1.4.0] AndroidManifest.xml:25:13-67
47            android:authorities="com.barisproduction.kargo.androidx-startup"
47-->[androidx.emoji2:emoji2:1.4.0] AndroidManifest.xml:26:13-68
48            android:exported="false" >
48-->[androidx.emoji2:emoji2:1.4.0] AndroidManifest.xml:27:13-37
49            <meta-data
49-->[androidx.emoji2:emoji2:1.4.0] AndroidManifest.xml:29:13-31:52
50                android:name="androidx.emoji2.text.EmojiCompatInitializer"
50-->[androidx.emoji2:emoji2:1.4.0] AndroidManifest.xml:30:17-75
51                android:value="androidx.startup" />
51-->[androidx.emoji2:emoji2:1.4.0] AndroidManifest.xml:31:17-49
52            <meta-data
52-->[androidx.lifecycle:lifecycle-process:2.9.4] AndroidManifest.xml:29:13-31:52
53                android:name="androidx.lifecycle.ProcessLifecycleInitializer"
53-->[androidx.lifecycle:lifecycle-process:2.9.4] AndroidManifest.xml:30:17-78
54                android:value="androidx.startup" />
54-->[androidx.lifecycle:lifecycle-process:2.9.4] AndroidManifest.xml:31:17-49
55            <meta-data
55-->[androidx.profileinstaller:profileinstaller:1.4.1] AndroidManifest.xml:29:13-31:52
56                android:name="androidx.profileinstaller.ProfileInstallerInitializer"
56-->[androidx.profileinstaller:profileinstaller:1.4.1] AndroidManifest.xml:30:17-85
57                android:value="androidx.startup" />
57-->[androidx.profileinstaller:profileinstaller:1.4.1] AndroidManifest.xml:31:17-49
58        </provider>
59
60        <receiver
60-->[androidx.profileinstaller:profileinstaller:1.4.1] AndroidManifest.xml:34:9-52:20
61            android:name="androidx.profileinstaller.ProfileInstallReceiver"
61-->[androidx.profileinstaller:profileinstaller:1.4.1] AndroidManifest.xml:35:13-76
62            android:directBootAware="false"
62-->[androidx.profileinstaller:profileinstaller:1.4.1] AndroidManifest.xml:36:13-44
63            android:enabled="true"
63-->[androidx.profileinstaller:profileinstaller:1.4.1] AndroidManifest.xml:37:13-35
64            android:exported="true"
64-->[androidx.profileinstaller:profileinstaller:1.4.1] AndroidManifest.xml:38:13-36
65            android:permission="android.permission.DUMP" >
65-->[androidx.profileinstaller:profileinstaller:1.4.1] AndroidManifest.xml:39:13-57
66            <intent-filter>
66-->[androidx.profileinstaller:profileinstaller:1.4.1] AndroidManifest.xml:40:13-42:29
67                <action android:name="androidx.profileinstaller.action.INSTALL_PROFILE" />
67-->[androidx.profileinstaller:profileinstaller:1.4.1] AndroidManifest.xml:41:17-91
67-->[androidx.profileinstaller:profileinstaller:1.4.1] AndroidManifest.xml:41:25-88
68            </intent-filter>
69            <intent-filter>
69-->[androidx.profileinstaller:profileinstaller:1.4.1] AndroidManifest.xml:43:13-45:29
70                <action android:name="androidx.profileinstaller.action.SKIP_FILE" />
70-->[androidx.profileinstaller:profileinstaller:1.4.1] AndroidManifest.xml:44:17-85
70-->[androidx.profileinstaller:profileinstaller:1.4.1] AndroidManifest.xml:44:25-82
71            </intent-filter>
72            <intent-filter>
72-->[androidx.profileinstaller:profileinstaller:1.4.1] AndroidManifest.xml:46:13-48:29
73                <action android:name="androidx.profileinstaller.action.SAVE_PROFILE" />
73-->[androidx.profileinstaller:profileinstaller:1.4.1] AndroidManifest.xml:47:17-88
73-->[androidx.profileinstaller:profileinstaller:1.4.1] AndroidManifest.xml:47:25-85
74            </intent-filter>
75            <intent-filter>
75-->[androidx.profileinstaller:profileinstaller:1.4.1] AndroidManifest.xml:49:13-51:29
76                <action android:name="androidx.profileinstaller.action.BENCHMARK_OPERATION" />
76-->[androidx.profileinstaller:profileinstaller:1.4.1] AndroidManifest.xml:50:17-95
76-->[androidx.profileinstaller:profileinstaller:1.4.1] AndroidManifest.xml:50:25-92
77            </intent-filter>
78        </receiver>
79    </application>
80
81</manifest>